<?xml version="1.0" encoding="UTF-8"?>
<testsuite name="Day1Tests" tests="1" skipped="0" failures="0" errors="0" timestamp="2021-10-16T03:04:01" hostname="Zacharys-MacBook-Pro-2.local" time="0.037">
  <properties/>
  <testcase name="shouldFindProductOfIntegersWhoseSumIs2020()" classname="Day1Tests" time="0.037"/>
  <system-out><![CDATA[]]></system-out>
  <system-err><![CDATA[]]></system-err>
</testsuite>
