<?xml version="1.0" encoding="UTF-8"?>
<testsuite name="Day2Tests" tests="1" skipped="0" failures="0" errors="0" timestamp="2021-10-16T04:05:02" hostname="Zacharys-MacBook-Pro-2.local" time="0.025">
  <properties/>
  <testcase name="shouldReturnCountOfValidPasswords()" classname="Day2Tests" time="0.025"/>
  <system-out><![CDATA[]]></system-out>
  <system-err><![CDATA[]]></system-err>
</testsuite>
